Watching for file changes with StatReloader
Index page requested.
"GET / HTTP/1.1" 200 319
Not Found: /favicon.ico
"GET /favicon.ico HTTP/1.1" 404 2447
About page requested.
"GET /about_me/ HTTP/1.1" 200 304
Watching for file changes with StatReloader
Not Found: /
"GET / HTTP/1.1" 404 2270
Not Found: /favicon.ico
"GET /favicon.ico HTTP/1.1" 404 2321
Not Found: /hw2/
"GET /hw2/ HTTP/1.1" 404 3400
"GET /hw2/shop/products HTTP/1.1" 301 0
Internal Server Error: /hw2/shop/products/
Traceback (most recent call last):
  File "C:\Documents\IT\Pychart\fwDjango\.venv\Lib\site-packages\django\template\backends\django.py", line 61, in render
    return self.template.render(context)
           ^^^^^^^^^^^^^^^^^^^^^^^^^^^^^
  File "C:\Documents\IT\Pychart\fwDjango\.venv\Lib\site-packages\django\template\base.py", line 171, in render
    return self._render(context)
           ^^^^^^^^^^^^^^^^^^^^^
  File "C:\Documents\IT\Pychart\fwDjango\.venv\Lib\site-packages\django\template\base.py", line 163, in _render
    return self.nodelist.render(context)
           ^^^^^^^^^^^^^^^^^^^^^^^^^^^^^
  File "C:\Documents\IT\Pychart\fwDjango\.venv\Lib\site-packages\django\template\base.py", line 1000, in render
    return SafeString("".join([node.render_annotated(context) for node in self]))
                               ^^^^^^^^^^^^^^^^^^^^^^^^^^^^^^
  File "C:\Documents\IT\Pychart\fwDjango\.venv\Lib\site-packages\django\template\base.py", line 961, in render_annotated
    return self.render(context)
           ^^^^^^^^^^^^^^^^^^^^
  File "C:\Documents\IT\Pychart\fwDjango\.venv\Lib\site-packages\django\template\loader_tags.py", line 134, in render
    compiled_parent = self.get_parent(context)
                      ^^^^^^^^^^^^^^^^^^^^^^^^
  File "C:\Documents\IT\Pychart\fwDjango\.venv\Lib\site-packages\django\template\loader_tags.py", line 131, in get_parent
    return self.find_template(parent, context)
           ^^^^^^^^^^^^^^^^^^^^^^^^^^^^^^^^^^^
  File "C:\Documents\IT\Pychart\fwDjango\.venv\Lib\site-packages\django\template\loader_tags.py", line 109, in find_template
    template, origin = context.template.engine.find_template(
                       ^^^^^^^^^^^^^^^^^^^^^^^^^^^^^^^^^^^^^^
  File "C:\Documents\IT\Pychart\fwDjango\.venv\Lib\site-packages\django\template\engine.py", line 163, in find_template
    raise TemplateDoesNotExist(name, tried=tried)
django.template.exceptions.TemplateDoesNotExist: app_2/base.html

The above exception was the direct cause of the following exception:

Traceback (most recent call last):
  File "C:\Documents\IT\Pychart\fwDjango\.venv\Lib\site-packages\django\core\handlers\exception.py", line 55, in inner
    response = get_response(request)
               ^^^^^^^^^^^^^^^^^^^^^
  File "C:\Documents\IT\Pychart\fwDjango\.venv\Lib\site-packages\django\core\handlers\base.py", line 197, in _get_response
    response = wrapped_callback(request, *callback_args, **callback_kwargs)
               ^^^^^^^^^^^^^^^^^^^^^^^^^^^^^^^^^^^^^^^^^^^^^^^^^^^^^^^^^^^^
  File "C:\Documents\IT\Pychart\fwDjango\myproject\hw2_app\views.py", line 13, in products
    return render(request, 'hw2_app/products.html', {'products': products})
           ^^^^^^^^^^^^^^^^^^^^^^^^^^^^^^^^^^^^^^^^^^^^^^^^^^^^^^^^^^^^^^^^
  File "C:\Documents\IT\Pychart\fwDjango\.venv\Lib\site-packages\django\shortcuts.py", line 25, in render
    content = loader.render_to_string(template_name, context, request, using=using)
              ^^^^^^^^^^^^^^^^^^^^^^^^^^^^^^^^^^^^^^^^^^^^^^^^^^^^^^^^^^^^^^^^^^^^^
  File "C:\Documents\IT\Pychart\fwDjango\.venv\Lib\site-packages\django\template\loader.py", line 62, in render_to_string
    return template.render(context, request)
           ^^^^^^^^^^^^^^^^^^^^^^^^^^^^^^^^^
  File "C:\Documents\IT\Pychart\fwDjango\.venv\Lib\site-packages\django\template\backends\django.py", line 63, in render
    reraise(exc, self.backend)
  File "C:\Documents\IT\Pychart\fwDjango\.venv\Lib\site-packages\django\template\backends\django.py", line 84, in reraise
    raise new from exc
django.template.exceptions.TemplateDoesNotExist: app_2/base.html
"GET /hw2/shop/products/ HTTP/1.1" 500 129851
"GET /hw2/shop/products/ HTTP/1.1" 200 3126
Not Found: /shop/products
"GET /shop/products HTTP/1.1" 404 2327
Watching for file changes with StatReloader
Not Found: /
"GET / HTTP/1.1" 404 2270
"GET /hw1 HTTP/1.1" 301 0
Index page requested.
"GET /hw1/ HTTP/1.1" 200 323
"GET /hw2/shop/products/ HTTP/1.1" 200 3126
C:\Documents\IT\Pychart\fwDjango\myproject\hw2_app\views.py changed, reloading.
Watching for file changes with StatReloader
"GET /hw2/shop/products/ HTTP/1.1" 200 3126
"GET /hw2/shop/products/ HTTP/1.1" 200 3126
"GET /hw2/shop/products/ HTTP/1.1" 200 3127
Watching for file changes with StatReloader
Not Found: /
"GET / HTTP/1.1" 404 2270
Not Found: /favicon.ico
"GET /favicon.ico HTTP/1.1" 404 2321
Not Found: /
"GET / HTTP/1.1" 404 2270
C:\Documents\IT\Pychart\fwDjango\myproject\myproject\urls.py changed, reloading.
Watching for file changes with StatReloader
Index page requested.
"GET / HTTP/1.1" 200 319
"GET /hw2/shop/products/ HTTP/1.1" 200 3127
Not Found: /hw2/shop/products/2
"GET /hw2/shop/products/2 HTTP/1.1" 404 3675
"GET /hw2/shop/clients/ HTTP/1.1" 200 3210
"GET /hw2/shop/orders HTTP/1.1" 301 0
"GET /hw2/shop/orders/ HTTP/1.1" 200 3406
Watching for file changes with StatReloader
Index page requested.
"GET / HTTP/1.1" 200 319
Not Found: /favicon.ico
"GET /favicon.ico HTTP/1.1" 404 2551
Internal Server Error: /hw2/shop/products/
Traceback (most recent call last):
  File "C:\Documents\IT\Pychart\fwDjango\.venv\Lib\site-packages\django\core\handlers\exception.py", line 55, in inner
    response = get_response(request)
               ^^^^^^^^^^^^^^^^^^^^^
  File "C:\Documents\IT\Pychart\fwDjango\.venv\Lib\site-packages\django\core\handlers\base.py", line 197, in _get_response
    response = wrapped_callback(request, *callback_args, **callback_kwargs)
               ^^^^^^^^^^^^^^^^^^^^^^^^^^^^^^^^^^^^^^^^^^^^^^^^^^^^^^^^^^^^
  File "C:\Documents\IT\Pychart\fwDjango\myproject\hw2_app\views.py", line 13, in products
    return render(request, 'hw2_app/products.html', {'products': products})
           ^^^^^^^^^^^^^^^^^^^^^^^^^^^^^^^^^^^^^^^^^^^^^^^^^^^^^^^^^^^^^^^^
  File "C:\Documents\IT\Pychart\fwDjango\.venv\Lib\site-packages\django\shortcuts.py", line 25, in render
    content = loader.render_to_string(template_name, context, request, using=using)
              ^^^^^^^^^^^^^^^^^^^^^^^^^^^^^^^^^^^^^^^^^^^^^^^^^^^^^^^^^^^^^^^^^^^^^
  File "C:\Documents\IT\Pychart\fwDjango\.venv\Lib\site-packages\django\template\loader.py", line 62, in render_to_string
    return template.render(context, request)
           ^^^^^^^^^^^^^^^^^^^^^^^^^^^^^^^^^
  File "C:\Documents\IT\Pychart\fwDjango\.venv\Lib\site-packages\django\template\backends\django.py", line 61, in render
    return self.template.render(context)
           ^^^^^^^^^^^^^^^^^^^^^^^^^^^^^
  File "C:\Documents\IT\Pychart\fwDjango\.venv\Lib\site-packages\django\template\base.py", line 171, in render
    return self._render(context)
           ^^^^^^^^^^^^^^^^^^^^^
  File "C:\Documents\IT\Pychart\fwDjango\.venv\Lib\site-packages\django\template\base.py", line 163, in _render
    return self.nodelist.render(context)
           ^^^^^^^^^^^^^^^^^^^^^^^^^^^^^
  File "C:\Documents\IT\Pychart\fwDjango\.venv\Lib\site-packages\django\template\base.py", line 1000, in render
    return SafeString("".join([node.render_annotated(context) for node in self]))
                               ^^^^^^^^^^^^^^^^^^^^^^^^^^^^^^
  File "C:\Documents\IT\Pychart\fwDjango\.venv\Lib\site-packages\django\template\base.py", line 961, in render_annotated
    return self.render(context)
           ^^^^^^^^^^^^^^^^^^^^
  File "C:\Documents\IT\Pychart\fwDjango\.venv\Lib\site-packages\django\template\loader_tags.py", line 159, in render
    return compiled_parent._render(context)
           ^^^^^^^^^^^^^^^^^^^^^^^^^^^^^^^^
  File "C:\Documents\IT\Pychart\fwDjango\.venv\Lib\site-packages\django\template\base.py", line 163, in _render
    return self.nodelist.render(context)
           ^^^^^^^^^^^^^^^^^^^^^^^^^^^^^
  File "C:\Documents\IT\Pychart\fwDjango\.venv\Lib\site-packages\django\template\base.py", line 1000, in render
    return SafeString("".join([node.render_annotated(context) for node in self]))
                               ^^^^^^^^^^^^^^^^^^^^^^^^^^^^^^
  File "C:\Documents\IT\Pychart\fwDjango\.venv\Lib\site-packages\django\template\base.py", line 961, in render_annotated
    return self.render(context)
           ^^^^^^^^^^^^^^^^^^^^
  File "C:\Documents\IT\Pychart\fwDjango\.venv\Lib\site-packages\django\template\loader_tags.py", line 65, in render
    result = block.nodelist.render(context)
             ^^^^^^^^^^^^^^^^^^^^^^^^^^^^^^
  File "C:\Documents\IT\Pychart\fwDjango\.venv\Lib\site-packages\django\template\base.py", line 1000, in render
    return SafeString("".join([node.render_annotated(context) for node in self]))
                               ^^^^^^^^^^^^^^^^^^^^^^^^^^^^^^
  File "C:\Documents\IT\Pychart\fwDjango\.venv\Lib\site-packages\django\template\base.py", line 961, in render_annotated
    return self.render(context)
           ^^^^^^^^^^^^^^^^^^^^
  File "C:\Documents\IT\Pychart\fwDjango\.venv\Lib\site-packages\django\template\defaulttags.py", line 326, in render
    return nodelist.render(context)
           ^^^^^^^^^^^^^^^^^^^^^^^^
  File "C:\Documents\IT\Pychart\fwDjango\.venv\Lib\site-packages\django\template\base.py", line 1000, in render
    return SafeString("".join([node.render_annotated(context) for node in self]))
                               ^^^^^^^^^^^^^^^^^^^^^^^^^^^^^^
  File "C:\Documents\IT\Pychart\fwDjango\.venv\Lib\site-packages\django\template\base.py", line 961, in render_annotated
    return self.render(context)
           ^^^^^^^^^^^^^^^^^^^^
  File "C:\Documents\IT\Pychart\fwDjango\.venv\Lib\site-packages\django\template\defaulttags.py", line 242, in render
    nodelist.append(node.render_annotated(context))
                    ^^^^^^^^^^^^^^^^^^^^^^^^^^^^^^
  File "C:\Documents\IT\Pychart\fwDjango\.venv\Lib\site-packages\django\template\base.py", line 961, in render_annotated
    return self.render(context)
           ^^^^^^^^^^^^^^^^^^^^
  File "C:\Documents\IT\Pychart\fwDjango\.venv\Lib\site-packages\django\template\defaulttags.py", line 479, in render
    url = reverse(view_name, args=args, kwargs=kwargs, current_app=current_app)
          ^^^^^^^^^^^^^^^^^^^^^^^^^^^^^^^^^^^^^^^^^^^^^^^^^^^^^^^^^^^^^^^^^^^^^
  File "C:\Documents\IT\Pychart\fwDjango\.venv\Lib\site-packages\django\urls\base.py", line 88, in reverse
    return resolver._reverse_with_prefix(view, prefix, *args, **kwargs)
           ^^^^^^^^^^^^^^^^^^^^^^^^^^^^^^^^^^^^^^^^^^^^^^^^^^^^^^^^^^^^
  File "C:\Documents\IT\Pychart\fwDjango\.venv\Lib\site-packages\django\urls\resolvers.py", line 851, in _reverse_with_prefix
    raise NoReverseMatch(msg)
django.urls.exceptions.NoReverseMatch: Reverse for 'product_view' not found. 'product_view' is not a valid view function or pattern name.
"GET /hw2/shop/products/ HTTP/1.1" 500 177491
"GET /hw2/shop/products/ HTTP/1.1" 200 3181
Internal Server Error: /hw2/shop/products/
Traceback (most recent call last):
  File "C:\Documents\IT\Pychart\fwDjango\.venv\Lib\site-packages\django\core\handlers\exception.py", line 55, in inner
    response = get_response(request)
               ^^^^^^^^^^^^^^^^^^^^^
  File "C:\Documents\IT\Pychart\fwDjango\.venv\Lib\site-packages\django\core\handlers\base.py", line 197, in _get_response
    response = wrapped_callback(request, *callback_args, **callback_kwargs)
               ^^^^^^^^^^^^^^^^^^^^^^^^^^^^^^^^^^^^^^^^^^^^^^^^^^^^^^^^^^^^
  File "C:\Documents\IT\Pychart\fwDjango\myproject\hw2_app\views.py", line 13, in products
    return render(request, 'hw2_app/products.html', {'products': products})
           ^^^^^^^^^^^^^^^^^^^^^^^^^^^^^^^^^^^^^^^^^^^^^^^^^^^^^^^^^^^^^^^^
  File "C:\Documents\IT\Pychart\fwDjango\.venv\Lib\site-packages\django\shortcuts.py", line 25, in render
    content = loader.render_to_string(template_name, context, request, using=using)
              ^^^^^^^^^^^^^^^^^^^^^^^^^^^^^^^^^^^^^^^^^^^^^^^^^^^^^^^^^^^^^^^^^^^^^
  File "C:\Documents\IT\Pychart\fwDjango\.venv\Lib\site-packages\django\template\loader.py", line 61, in render_to_string
    template = get_template(template_name, using=using)
               ^^^^^^^^^^^^^^^^^^^^^^^^^^^^^^^^^^^^^^^^
  File "C:\Documents\IT\Pychart\fwDjango\.venv\Lib\site-packages\django\template\loader.py", line 15, in get_template
    return engine.get_template(template_name)
           ^^^^^^^^^^^^^^^^^^^^^^^^^^^^^^^^^^
  File "C:\Documents\IT\Pychart\fwDjango\.venv\Lib\site-packages\django\template\backends\django.py", line 33, in get_template
    return Template(self.engine.get_template(template_name), self)
                    ^^^^^^^^^^^^^^^^^^^^^^^^^^^^^^^^^^^^^^^
  File "C:\Documents\IT\Pychart\fwDjango\.venv\Lib\site-packages\django\template\engine.py", line 177, in get_template
    template, origin = self.find_template(template_name)
                       ^^^^^^^^^^^^^^^^^^^^^^^^^^^^^^^^^
  File "C:\Documents\IT\Pychart\fwDjango\.venv\Lib\site-packages\django\template\engine.py", line 159, in find_template
    template = loader.get_template(name, skip=skip)
               ^^^^^^^^^^^^^^^^^^^^^^^^^^^^^^^^^^^^
  File "C:\Documents\IT\Pychart\fwDjango\.venv\Lib\site-packages\django\template\loaders\cached.py", line 57, in get_template
    template = super().get_template(template_name, skip)
               ^^^^^^^^^^^^^^^^^^^^^^^^^^^^^^^^^^^^^^^^^
  File "C:\Documents\IT\Pychart\fwDjango\.venv\Lib\site-packages\django\template\loaders\base.py", line 28, in get_template
    return Template(
           ^^^^^^^^^
  File "C:\Documents\IT\Pychart\fwDjango\.venv\Lib\site-packages\django\template\base.py", line 154, in __init__
    self.nodelist = self.compile_nodelist()
                    ^^^^^^^^^^^^^^^^^^^^^^^
  File "C:\Documents\IT\Pychart\fwDjango\.venv\Lib\site-packages\django\template\base.py", line 196, in compile_nodelist
    return parser.parse()
           ^^^^^^^^^^^^^^
  File "C:\Documents\IT\Pychart\fwDjango\.venv\Lib\site-packages\django\template\base.py", line 510, in parse
    raise self.error(token, e)
  File "C:\Documents\IT\Pychart\fwDjango\.venv\Lib\site-packages\django\template\base.py", line 508, in parse
    compiled_result = compile_func(self, token)
                      ^^^^^^^^^^^^^^^^^^^^^^^^^
  File "C:\Documents\IT\Pychart\fwDjango\.venv\Lib\site-packages\django\template\loader_tags.py", line 295, in do_extends
    nodelist = parser.parse()
               ^^^^^^^^^^^^^^
  File "C:\Documents\IT\Pychart\fwDjango\.venv\Lib\site-packages\django\template\base.py", line 510, in parse
    raise self.error(token, e)
  File "C:\Documents\IT\Pychart\fwDjango\.venv\Lib\site-packages\django\template\base.py", line 508, in parse
    compiled_result = compile_func(self, token)
                      ^^^^^^^^^^^^^^^^^^^^^^^^^
  File "C:\Documents\IT\Pychart\fwDjango\.venv\Lib\site-packages\django\template\loader_tags.py", line 228, in do_block
    raise TemplateSyntaxError(
django.template.exceptions.TemplateSyntaxError: 'block' tag with name 'title' appears more than once
"GET /hw2/shop/products/ HTTP/1.1" 500 150361
Internal Server Error: /hw2/shop/products/
Traceback (most recent call last):
  File "C:\Documents\IT\Pychart\fwDjango\.venv\Lib\site-packages\django\core\handlers\exception.py", line 55, in inner
    response = get_response(request)
               ^^^^^^^^^^^^^^^^^^^^^
  File "C:\Documents\IT\Pychart\fwDjango\.venv\Lib\site-packages\django\core\handlers\base.py", line 197, in _get_response
    response = wrapped_callback(request, *callback_args, **callback_kwargs)
               ^^^^^^^^^^^^^^^^^^^^^^^^^^^^^^^^^^^^^^^^^^^^^^^^^^^^^^^^^^^^
  File "C:\Documents\IT\Pychart\fwDjango\myproject\hw2_app\views.py", line 13, in products
    return render(request, 'hw2_app/products.html', {'products': products})
           ^^^^^^^^^^^^^^^^^^^^^^^^^^^^^^^^^^^^^^^^^^^^^^^^^^^^^^^^^^^^^^^^
  File "C:\Documents\IT\Pychart\fwDjango\.venv\Lib\site-packages\django\shortcuts.py", line 25, in render
    content = loader.render_to_string(template_name, context, request, using=using)
              ^^^^^^^^^^^^^^^^^^^^^^^^^^^^^^^^^^^^^^^^^^^^^^^^^^^^^^^^^^^^^^^^^^^^^
  File "C:\Documents\IT\Pychart\fwDjango\.venv\Lib\site-packages\django\template\loader.py", line 61, in render_to_string
    template = get_template(template_name, using=using)
               ^^^^^^^^^^^^^^^^^^^^^^^^^^^^^^^^^^^^^^^^
  File "C:\Documents\IT\Pychart\fwDjango\.venv\Lib\site-packages\django\template\loader.py", line 15, in get_template
    return engine.get_template(template_name)
           ^^^^^^^^^^^^^^^^^^^^^^^^^^^^^^^^^^
  File "C:\Documents\IT\Pychart\fwDjango\.venv\Lib\site-packages\django\template\backends\django.py", line 33, in get_template
    return Template(self.engine.get_template(template_name), self)
                    ^^^^^^^^^^^^^^^^^^^^^^^^^^^^^^^^^^^^^^^
  File "C:\Documents\IT\Pychart\fwDjango\.venv\Lib\site-packages\django\template\engine.py", line 177, in get_template
    template, origin = self.find_template(template_name)
                       ^^^^^^^^^^^^^^^^^^^^^^^^^^^^^^^^^
  File "C:\Documents\IT\Pychart\fwDjango\.venv\Lib\site-packages\django\template\engine.py", line 159, in find_template
    template = loader.get_template(name, skip=skip)
               ^^^^^^^^^^^^^^^^^^^^^^^^^^^^^^^^^^^^
  File "C:\Documents\IT\Pychart\fwDjango\.venv\Lib\site-packages\django\template\loaders\cached.py", line 57, in get_template
    template = super().get_template(template_name, skip)
               ^^^^^^^^^^^^^^^^^^^^^^^^^^^^^^^^^^^^^^^^^
  File "C:\Documents\IT\Pychart\fwDjango\.venv\Lib\site-packages\django\template\loaders\base.py", line 28, in get_template
    return Template(
           ^^^^^^^^^
  File "C:\Documents\IT\Pychart\fwDjango\.venv\Lib\site-packages\django\template\base.py", line 154, in __init__
    self.nodelist = self.compile_nodelist()
                    ^^^^^^^^^^^^^^^^^^^^^^^
  File "C:\Documents\IT\Pychart\fwDjango\.venv\Lib\site-packages\django\template\base.py", line 196, in compile_nodelist
    return parser.parse()
           ^^^^^^^^^^^^^^
  File "C:\Documents\IT\Pychart\fwDjango\.venv\Lib\site-packages\django\template\base.py", line 510, in parse
    raise self.error(token, e)
  File "C:\Documents\IT\Pychart\fwDjango\.venv\Lib\site-packages\django\template\base.py", line 508, in parse
    compiled_result = compile_func(self, token)
                      ^^^^^^^^^^^^^^^^^^^^^^^^^
  File "C:\Documents\IT\Pychart\fwDjango\.venv\Lib\site-packages\django\template\loader_tags.py", line 295, in do_extends
    nodelist = parser.parse()
               ^^^^^^^^^^^^^^
  File "C:\Documents\IT\Pychart\fwDjango\.venv\Lib\site-packages\django\template\base.py", line 510, in parse
    raise self.error(token, e)
  File "C:\Documents\IT\Pychart\fwDjango\.venv\Lib\site-packages\django\template\base.py", line 508, in parse
    compiled_result = compile_func(self, token)
                      ^^^^^^^^^^^^^^^^^^^^^^^^^
  File "C:\Documents\IT\Pychart\fwDjango\.venv\Lib\site-packages\django\template\loader_tags.py", line 228, in do_block
    raise TemplateSyntaxError(
django.template.exceptions.TemplateSyntaxError: 'block' tag with name 'title' appears more than once
"GET /hw2/shop/products/ HTTP/1.1" 500 150361
"GET /hw2/shop/products/ HTTP/1.1" 200 3127
Watching for file changes with StatReloader
Index page requested.
"GET / HTTP/1.1" 200 319
Not Found: /favicon.ico
"GET /favicon.ico HTTP/1.1" 404 2551
"GET /hw2/shop/products/ HTTP/1.1" 200 3142
"GET /hw2/shop/products/ HTTP/1.1" 200 3143
Index page requested.
"GET / HTTP/1.1" 200 319
Not Found: /favicon.ico
"GET /favicon.ico HTTP/1.1" 404 2551
Not Found: /myapp2
"GET /myapp2 HTTP/1.1" 404 2536
Not Found: /myapp2/orders/2
"GET /myapp2/orders/2 HTTP/1.1" 404 2563
Not Found: /myapp2/orders/4
"GET /myapp2/orders/4 HTTP/1.1" 404 2563
Index page requested.
"GET / HTTP/1.1" 200 319
Not Found: /myapp2/orders/2
"GET /myapp2/orders/2 HTTP/1.1" 404 2563
Index page requested.
"GET / HTTP/1.1" 200 319
Not Found: /myapp2/
"GET /myapp2/ HTTP/1.1" 404 2539
Not Found: /myapp2/orders/2
"GET /myapp2/orders/2 HTTP/1.1" 404 2563
Not Found: /myapp2/order/2
"GET /myapp2/order/2 HTTP/1.1" 404 2560
Not Found: /myapp2/order/1
"GET /myapp2/order/1 HTTP/1.1" 404 2560
Index page requested.
"GET / HTTP/1.1" 200 319
Not Found: /favicon.ico
"GET /favicon.ico HTTP/1.1" 404 2551
Index page requested.
"GET / HTTP/1.1" 200 319
Not Found: /favicon.ico
"GET /favicon.ico HTTP/1.1" 404 2551
Not Found: /myapp2/list
"GET /myapp2/list HTTP/1.1" 404 2551
Watching for file changes with StatReloader
"GET / HTTP/1.1" 200 319
Not Found: /favicon.ico
"GET /favicon.ico HTTP/1.1" 404 2551
Страница "Список продуктов" успешно открыта
"GET /hw2/shop/products/ HTTP/1.1" 200 4442
"GET /hw2/shop/client_products_sorted/1/7 HTTP/1.1" 301 0
"GET /hw2/shop/client_products_sorted/1/7/ HTTP/1.1" 200 3070
"GET /hw2/shop/client_products_sorted/1/25 HTTP/1.1" 301 0
"GET /hw2/shop/client_products_sorted/1/25/ HTTP/1.1" 200 3209
Watching for file changes with StatReloader
"GET / HTTP/1.1" 200 319
Not Found: /favicon.ico
"GET /favicon.ico HTTP/1.1" 404 2551
Страница "Список продуктов" успешно открыта
"GET /hw2/shop/products/ HTTP/1.1" 200 4442
Not Found: /hw2/shop/product_form/
"GET /hw2/shop/product_form/ HTTP/1.1" 404 3897
"GET /hw2/shop/product_form/3 HTTP/1.1" 301 0
"GET /hw2/shop/product_form/3/ HTTP/1.1" 200 4179
Product Смартфон Apple iPhone 15 is changed successfully
"POST /hw2/shop/product_form/3/ HTTP/1.1" 302 0
"GET /hw2/shop/product/3 HTTP/1.1" 200 3492
